#
# A fatal error has been detected by the Java Runtime Environment:
#
#  EXCEPTION_ACCESS_VIOLATION (0xc0000005) at pc=0x00000124111b34d2, pid=16968, tid=26348
#
# JRE version: Java(TM) SE Runtime Environment (19.0.1+10) (build 19.0.1+10-21)
# Java VM: Java HotSpot(TM) 64-Bit Server VM (19.0.1+10-21, mixed mode, sharing, tiered, compressed oops, compressed class ptrs, g1 gc, windows-amd64)
# Problematic frame:
# j  org.eclipse.aether.util.graph.selector.AndDependencySelector.newInstance(Lorg/eclipse/aether/collection/DependencySelector;Lorg/eclipse/aether/collection/DependencySelector;)Lorg/eclipse/aether/collection/DependencySelector;+25
#
# No core dump will be written. Minidumps are not enabled by default on client versions of Windows
#
# If you would like to submit a bug report, please visit:
#   https://bugreport.java.com/bugreport/crash.jsp
#

---------------  S U M M A R Y ------------

Command Line: -Dmaven.home=EMBEDDED -Dclassworlds.conf=C:\Users\Utilizador\eclipse2\myProject\.metadata\.plugins\org.eclipse.m2e.launching\launches\m2conf3034275562705274449.tmp -Dmaven.multiModuleProjectDirectory=C:\Users\Utilizador\Documents\AoR 22_23\Programação Avançada em Java\Repositório Projetos\Projeto III - Helder e Rui\Backend\Projeto III - Helder e Rui -Dfile.encoding=UTF-8 -XX:+ShowCodeDetailsInExceptionMessages org.codehaus.plexus.classworlds.launcher.Launcher -B clean wildfly:undeploy install wildfly:deploy

Host: AMD Ryzen 7 5700U with Radeon Graphics         , 16 cores, 13G,  Windows 11 , 64 bit Build 22621 (10.0.22621.1194)
Time: Sat Feb 25 18:18:54 2023 Hora padrão de GMT elapsed time: 2.555387 seconds (0d 0h 0m 2s)

---------------  T H R E A D  ---------------

Current thread (0x0000012401dd8e70):  JavaThread "main" [_thread_in_Java, id=26348, stack(0x00000011abb00000,0x00000011abc00000)]

Stack: [0x00000011abb00000,0x00000011abc00000],  sp=0x00000011abbfe248,  free space=1016k
Native frames: (J=compiled Java code, j=interpreted, Vv=VM code, C=native code)
C  0x00000124111b34d2


siginfo: EXCEPTION_ACCESS_VIOLATION (0xc0000005), reading address 0x0000000801dd8f40


Registers:
RAX=0x0000000801dd8e70, RBX=0x000000080115cec0, RCX=0x0000000000000000, RDX=0x000000072baa4a28
RSP=0x00000011abbfe248, RBP=0x00000011abbfe2c0, RSI=0x0000000000000000, RDI=0x0000000000000f5c
R8 =0x0000000000000000, R9 =0x00007ffd1fa51a4a, R10=0x0000000800000000, R11=0x0000000000000018
R12=0x0000000000000000, R13=0x000001242571d097, R14=0x00000011abbfe2d8, R15=0x0000012401dd8e70
RIP=0x00000124111b34d2, EFLAGS=0x0000000000010202


Register to memory mapping:

RIP=0x00000124111b34d2 is at code_begin+114 in an Interpreter codelet
aastore  83 aastore  [0x00000124111b3460, 0x00000124111b3aa8]  1608 bytes
RAX=0x0000000801dd8e70 is an unknown value
RBX=0x000000080115cec0 is a pointer to class: 
org.eclipse.aether.util.graph.selector.AndDependencySelector {0x000000080115cec8}
 - instance size:     3
 - klass size:        67
 - access:            public final synchronized 
 - state:             fully_initialized
 - name:              'org/eclipse/aether/util/graph/selector/AndDependencySelector'
 - super:             'java/lang/Object'
 - sub:               
 - arrays:            NULL
 - methods:           Array<T>(0x000001242571cd10)
 - method ordering:   Array<T>(0x0000000800b108c8)
 - default_methods:   Array<T>(0x0000000000000000)
 - local interfaces:  Array<T>(0x000001242571cce0)
 - trans. interfaces: Array<T>(0x000001242571cce0)
 - constants:         constant pool [159] {0x000001242571c710} for 'org/eclipse/aether/util/graph/selector/AndDependencySelector' cache=0x000001242571d7b0
 - class loader data:  loader data: 0x0000012428c93be0 for instance a 'org/codehaus/plexus/classworlds/realm/ClassRealm'{0x0000000722200000}
 - source file:       'AndDependencySelector.java'
 - class annotations:       Array<T>(0x0000000000000000)
 - class type annotations:  Array<T>(0x0000000000000000)
 - field annotations:       Array<T>(0x0000000000000000)
 - field type annotations:  Array<T>(0x0000000000000000)
 - inner classes:     Array<T>(0x00000008005fc468)
 - nest members:     Array<T>(0x00000008005fc468)
 - permitted subclasses:     Array<T>(0x00000008005fc468)
 - java mirror:       a 'java/lang/Class'{0x000000072d838d70} = 'org/eclipse/aether/util/graph/selector/AndDependencySelector'
 - vtable length      5  (start addr: 0x000000080115d078)
 - itable length      6 (start addr: 0x000000080115d0a0)
 - ---- static fields (0 words):
 - ---- non-static fields (2 words):
 - private 'hashCode' 'I' @12 
 - private final 'selectors' 'Ljava/util/Set;' @16 
 - non-static oop maps: 16-16 
RCX=0x0 is NULL
RDX=
[error occurred during error reporting (printing register info), id 0xc0000005, EXCEPTION_ACCESS_VIOLATION (0xc0000005) at pc=0x00007ffcc73f88d6]

Top of Stack: (sp=0x00000011abbfe248)
0x00000011abbfe248:   000000072d640668 0000000000000000
0x00000011abbfe258:   000000072baa4a28 000000072baa4a28
0x00000011abbfe268:   000000072baa4a10 000000072baa4a10
0x00000011abbfe278:   00000011abbfe278 000001242571d091
0x00000011abbfe288:   00000011abbfe2d8 000001242571d7b0
0x00000011abbfe298:   0000000000000000 000000072d838d70
0x00000011abbfe2a8:   000001242571d0c8 0000000000000000
0x00000011abbfe2b8:   00000011abbfe2d0 00000011abbfe328
0x00000011abbfe2c8:   00000124111ab8ef 000000072baa4a00
0x00000011abbfe2d8:   000000072d640668 00000011abbfe2e0
0x00000011abbfe2e8:   000001242553b8e8 00000011abbfe3b8
0x00000011abbfe2f8:   000001242553cb98 0000000000000000
0x00000011abbfe308:   000000072d90bc18 000001242553bb50
0x00000011abbfe318:   00000011abbfe2d0 00000011abbfe388
0x00000011abbfe328:   00000011abbfe408 00000124111ab8ef
0x00000011abbfe338:   0000000000000000 0000000000000000 

Instructions: (pc=0x00000124111b34d2)
0x00000124111b33d2:   36 eb c7 fc 7f 00 00 41 ff 24 da 66 66 90 90 95
0x00000124111b33e2:   c0 c7 fc 7f 00 00 60 00 00 00 52 00 00 00 00 00
0x00000124111b33f2:   00 00 00 00 00 00 00 00 00 00 00 00 00 00 c5 fb
0x00000124111b3402:   10 04 24 48 83 c4 10 8b 1c 24 48 83 c4 08 5a 48
0x00000124111b3412:   63 db 3b 5a 0c 72 08 48 8b d2 e9 1f ae ff ff c5
0x00000124111b3422:   fb 11 44 da 10 41 0f b6 5d 01 49 ff c5 49 ba a0
0x00000124111b3432:   36 eb c7 fc 7f 00 00 41 ff 24 da 66 66 90 98 95
0x00000124111b3442:   c0 c7 fc 7f 00 00 68 06 00 00 53 00 00 00 00 00
0x00000124111b3452:   00 00 00 00 00 00 00 00 00 00 00 00 00 00 48 83
0x00000124111b3462:   ec 08 c5 fa 11 04 24 eb 1f 48 83 ec 10 c5 fb 11
0x00000124111b3472:   04 24 eb 14 48 83 ec 10 48 89 04 24 48 c7 44 24
0x00000124111b3482:   08 00 00 00 00 eb 01 50 48 8b 04 24 8b 4c 24 08
0x00000124111b3492:   48 8b 54 24 10 48 63 c9 3b 4a 0c 8b d9 72 08 48
0x00000124111b34a2:   8b d2 e9 97 ad ff ff 48 85 c0 0f 84 d4 03 00 00
0x00000124111b34b2:   8b 58 08 49 ba 00 00 00 00 08 00 00 00 49 03 da
0x00000124111b34c2:   8b 42 08 49 ba 00 00 00 00 08 00 00 00 49 03 c2
0x00000124111b34d2:   48 8b 80 d0 00 00 00 48 8b 4d d8 48 85 c9 0f 84
0x00000124111b34e2:   8a 00 00 00 48 8b 79 18 48 3b fb 0f 85 0f 00 00
0x00000124111b34f2:   00 48 83 41 20 01 48 83 59 20 00 e9 66 00 00 00
0x00000124111b3502:   48 85 ff 0f 84 37 00 00 00 48 8b 79 28 48 3b fb
0x00000124111b3512:   0f 85 0f 00 00 00 48 83 41 30 01 48 83 59 30 00
0x00000124111b3522:   e9 41 00 00 00 48 85 ff 0f 85 38 00 00 00 48 89
0x00000124111b3532:   59 28 bf 01 00 00 00 48 89 79 30 e9 26 00 00 00
0x00000124111b3542:   48 3b 59 28 0f 85 0f 00 00 00 48 83 41 30 01 48
0x00000124111b3552:   83 59 30 00 e9 0d 00 00 00 48 89 59 18 bf 01 00
0x00000124111b3562:   00 00 48 89 79 20 48 83 c1 38 48 89 4d d8 48 3b
0x00000124111b3572:   d8 0f 84 55 00 00 00 8b 48 14 48 3b 04 0b 0f 84
0x00000124111b3582:   48 00 00 00 83 f9 20 0f 85 1d 00 00 00 57 48 8b
0x00000124111b3592:   7b 28 8b 0f 48 83 c7 08 48 85 c0 f2 48 af 5f 75
0x00000124111b35a2:   09 48 89 43 20 e9 22 00 00 00 48 8b 4d d8 48 85
0x00000124111b35b2:   c9 0f 84 10 00 00 00 48 83 41 d0 ff 0f 88 05 00
0x00000124111b35c2:   00 00 48 83 41 d0 01 e9 21 ad ff ff 48 8b 04 24 


Stack slot to memory mapping:
stack at sp + 0 slots: 0x000000072d640668 is an oop: org.eclipse.aether.util.graph.selector.AndDependencySelector 
{0x000000072d640668} - klass: 'org/eclipse/aether/util/graph/selector/AndDependencySelector'
 - ---- fields (total size 3 words):
 - private 'hashCode' 'I' @12  2081133291 (7c0b92eb)
 - private final 'selectors' 'Ljava/util/Set;' @16  a 'java/util/LinkedHashSet'{0x000000072d640680} (e5ac80d0)
stack at sp + 1 slots: 0x0 is NULL
stack at sp + 2 slots: 
[error occurred during error reporting (inspecting top of stack), id 0xc0000005, EXCEPTION_ACCESS_VIOLATION (0xc0000005) at pc=0x00007ffcc73f88d6]

aastore  83 aastore  [0x00000124111b3460, 0x00000124111b3aa8]  1608 bytes
[MachCode]
  0x00000124111b3460: 4883 ec08 | c5fa 1104 | 24eb 1f48 | 83ec 10c5 | fb11 0424 | eb14 4883 | ec10 4889 | 0424 48c7 
  0x00000124111b3480: 4424 0800 | 0000 00eb | 0150 488b | 0424 8b4c | 2408 488b | 5424 1048 | 63c9 3b4a | 0c8b d972 
  0x00000124111b34a0: 0848 8bd2 | e997 adff | ff48 85c0 | 0f84 d403 | 0000 8b58 | 0849 ba00 | 0000 0008 | 0000 0049 
  0x00000124111b34c0: 03da 8b42 | 0849 ba00 | 0000 0008 | 0000 0049 | 03c2 488b | 80d0 0000 | 0048 8b4d | d848 85c9 
  0x00000124111b34e0: 0f84 8a00 | 0000 488b | 7918 483b | fb0f 850f | 0000 0048 | 8341 2001 | 4883 5920 | 00e9 6600 
  0x00000124111b3500: 0000 4885 | ff0f 8437 | 0000 0048 | 8b79 2848 | 3bfb 0f85 | 0f00 0000 | 4883 4130 | 0148 8359 
  0x00000124111b3520: 3000 e941 | 0000 0048 | 85ff 0f85 | 3800 0000 | 4889 5928 | bf01 0000 | 0048 8979 | 30e9 2600 
  0x00000124111b3540: 0000 483b | 5928 0f85 | 0f00 0000 | 4883 4130 | 0148 8359 | 3000 e90d | 0000 0048 | 8959 18bf 
  0x00000124111b3560: 0100 0000 | 4889 7920 | 4883 c138 | 4889 4dd8 | 483b d80f | 8455 0000 | 008b 4814 | 483b 040b 
  0x00000124111b3580: 0f84 4800 | 0000 83f9 | 200f 851d | 0000 0057 | 488b 7b28 | 8b0f 4883 | c708 4885 | c0f2 48af 
  0x00000124111b35a0: 5f75 0948 | 8943 20e9 | 2200 0000 | 488b 4dd8 | 4885 c90f | 8410 0000 | 0048 8341 | d0ff 0f88 
  0x00000124111b35c0: 0500 0000 | 4883 41d0 | 01e9 21ad | ffff 488b | 0424 8b4c | 2408 488d | 548a 1041 | 807f 4000 
  0x00000124111b35e0: 0f84 d601 | 0000 8b1a | 48c1 e303 | 4883 fb00 | 0f84 c601 | 0000 4d8b | 4728 4983 | f800 0f84 
  0x00000124111b3600: 1400 0000 | 4983 e808 | 4d89 4728 | 4d03 4738 | 4989 18e9 | a401 0000 | 4881 ecd0 | 0000 0048 
  0x00000124111b3620: 8904 2448 | 894c 2408 | 4889 5424 | 1048 8974 | 2418 4889 | 7c24 204c | 8944 2428 | 4c89 4c24 
  0x00000124111b3640: 304c 8954 | 2438 4c89 | 5c24 40c5 | fb11 4424 | 50c5 fb11 | 4c24 58c5 | fb11 5424 | 60c5 fb11 
  0x00000124111b3660: 5c24 68c5 | fb11 6424 | 70c5 fb11 | 6c24 78c5 | fb11 b424 | 8000 0000 | c5fb 11bc | 2488 0000 
  0x00000124111b3680: 00c5 7b11 | 8424 9000 | 0000 c57b | 118c 2498 | 0000 00c5 | 7b11 9424 | a000 0000 | c57b 119c 
  0x00000124111b36a0: 24a8 0000 | 00c5 7b11 | a424 b000 | 0000 c57b | 11ac 24b8 | 0000 00c5 | 7b11 b424 | c000 0000 
  0x00000124111b36c0: c57b 11bc | 24c8 0000 | 0049 8bd7 | 488b cb48 | 83ec 2040 | f6c4 0f0f | 841a 0000 | 0048 83ec 
  0x00000124111b36e0: 0849 bab0 | 1b5d c7fc | 7f00 0041 | ffd2 4883 | c408 e90d | 0000 0049 | bab0 1b5d | c7fc 7f00 
  0x00000124111b3700: 0041 ffd2 | 4883 c420 | c57b 10bc | 24c8 0000 | 00c5 7b10 | b424 c000 | 0000 c57b | 10ac 24b8 
  0x00000124111b3720: 0000 00c5 | 7b10 a424 | b000 0000 | c57b 109c | 24a8 0000 | 00c5 7b10 | 9424 a000 | 0000 c57b 
  0x00000124111b3740: 108c 2498 | 0000 00c5 | 7b10 8424 | 9000 0000 | c5fb 10bc | 2488 0000 | 00c5 fb10 | b424 8000 
  0x00000124111b3760: 0000 c5fb | 106c 2478 | c5fb 1064 | 2470 c5fb | 105c 2468 | c5fb 1054 | 2460 c5fb | 104c 2458 
  0x00000124111b3780: c5fb 1044 | 2450 4c8b | 5c24 404c | 8b54 2438 | 4c8b 4c24 | 304c 8b44 | 2428 488b | 7c24 2048 
  0x00000124111b37a0: 8b74 2418 | 488b 5424 | 1048 8b4c | 2408 488b | 0424 4881 | c4d0 0000 | 00c5 f877 | 488b d848 
  0x00000124111b37c0: c1e8 0389 | 024c 8bc2 | 4c33 c349 | c1e8 150f | 84ac 0000 | 0048 83fb | 000f 84a2 | 0000 004c 
  0x00000124111b37e0: 8bc2 49c1 | e809 48bb | 00f0 3a16 | 2401 0000 | 4c03 c341 | 8038 040f | 8484 0000 | 00f0 8344 
  0x00000124111b3800: 24c0 0041 | 8038 000f | 8474 0000 | 0041 c600 | 0049 8b5f | 4848 85db | 0f84 1400 | 0000 4883 
  0x00000124111b3820: eb08 4989 | 5f48 4903 | 5f58 4c89 | 03e9 4f00 | 0000 4883 | ec10 4889 | 1424 498b | d749 8bc8 
  0x00000124111b3840: 4883 ec20 | 40f6 c40f | 0f84 1a00 | 0000 4883 | ec08 49ba | 901b 5dc7 | fc7f 0000 | 41ff d248 
  0x00000124111b3860: 83c4 08e9 | 0d00 0000 | 49ba 901b | 5dc7 fc7f | 0000 41ff | d248 83c4 | 2048 8b14 | 2448 83c4 
  0x00000124111b3880: 10e9 0502 | 0000 488b | 5dd8 4885 | db0f 840c | 0000 0080 | 4b01 0148 | 83c3 3848 | 895d d848 
  0x00000124111b38a0: 8d54 8a10 | 4180 7f40 | 000f 84d6 | 0100 008b | 1a48 c1e3 | 0348 83fb | 000f 84c6 | 0100 004d 
  0x00000124111b38c0: 8b47 2849 | 83f8 000f | 8414 0000 | 0049 83e8 | 084d 8947 | 284d 0347 | 3849 8918 | e9a4 0100 
  0x00000124111b38e0: 0048 81ec | d000 0000 | 4889 0424 | 4889 4c24 | 0848 8954 | 2410 4889 | 7424 1848 | 897c 2420 
  0x00000124111b3900: 4c89 4424 | 284c 894c | 2430 4c89 | 5424 384c | 895c 2440 | c5fb 1144 | 2450 c5fb | 114c 2458 
  0x00000124111b3920: c5fb 1154 | 2460 c5fb | 115c 2468 | c5fb 1164 | 2470 c5fb | 116c 2478 | c5fb 11b4 | 2480 0000 
  0x00000124111b3940: 00c5 fb11 | bc24 8800 | 0000 c57b | 1184 2490 | 0000 00c5 | 7b11 8c24 | 9800 0000 | c57b 1194 
  0x00000124111b3960: 24a0 0000 | 00c5 7b11 | 9c24 a800 | 0000 c57b | 11a4 24b0 | 0000 00c5 | 7b11 ac24 | b800 0000 
  0x00000124111b3980: c57b 11b4 | 24c0 0000 | 00c5 7b11 | bc24 c800 | 0000 498b | d748 8bcb | 4883 ec20 | 40f6 c40f 
  0x00000124111b39a0: 0f84 1a00 | 0000 4883 | ec08 49ba | b01b 5dc7 | fc7f 0000 | 41ff d248 | 83c4 08e9 | 0d00 0000 
  0x00000124111b39c0: 49ba b01b | 5dc7 fc7f | 0000 41ff | d248 83c4 | 20c5 7b10 | bc24 c800 | 0000 c57b | 10b4 24c0 
  0x00000124111b39e0: 0000 00c5 | 7b10 ac24 | b800 0000 | c57b 10a4 | 24b0 0000 | 00c5 7b10 | 9c24 a800 | 0000 c57b 
  0x00000124111b3a00: 1094 24a0 | 0000 00c5 | 7b10 8c24 | 9800 0000 | c57b 1084 | 2490 0000 | 00c5 fb10 | bc24 8800 
  0x00000124111b3a20: 0000 c5fb | 10b4 2480 | 0000 00c5 | fb10 6c24 | 78c5 fb10 | 6424 70c5 | fb10 5c24 | 68c5 fb10 
  0x00000124111b3a40: 5424 60c5 | fb10 4c24 | 58c5 fb10 | 4424 504c | 8b5c 2440 | 4c8b 5424 | 384c 8b4c | 2430 4c8b 
  0x00000124111b3a60: 4424 2848 | 8b7c 2420 | 488b 7424 | 1848 8b54 | 2410 488b | 4c24 0848 | 8b04 2448 | 81c4 d000 
  0x00000124111b3a80: 0000 c5f8 | 77c7 0200 | 0000 0048 | 83c4 1841 | 0fb6 5d01 | 49ff c549 | baa0 36eb | c7fc 7f00 
  0x00000124111b3aa0: 0041 ff24 | da66 6690 
[/MachCode]

---------------  P R O C E S S  ---------------

Threads class SMR info:
_java_thread_list=0x000001242a6f5340, length=19, elements={
0x0000012401dd8e70, 0x00000124249d8cc0, 0x00000124249db700, 0x00000124249e2ac0,
0x00000124249e3c80, 0x00000124249e4860, 0x0000012424a05340, 0x0000012424a0a650,
0x0000012424a13590, 0x0000012424a140a0, 0x0000012428c99990, 0x0000012428d91da0,
0x0000012428d95480, 0x00000124292e1c90, 0x0000012429261700, 0x00000124297bea60,
0x00000124297e7930, 0x00000124297ddf60, 0x00000124297f7ef0
}

Java Threads: ( => current thread )
=>0x0000012401dd8e70 JavaThread "main" [_thread_in_Java, id=26348, stack(0x00000011abb00000,0x00000011abc00000)]
  0x00000124249d8cc0 JavaThread "Reference Handler" daemon [_thread_blocked, id=12184, stack(0x00000011ac200000,0x00000011ac300000)]
  0x00000124249db700 JavaThread "Finalizer" daemon [_thread_blocked, id=19768, stack(0x00000011ac300000,0x00000011ac400000)]
  0x00000124249e2ac0 JavaThread "Signal Dispatcher" daemon [_thread_blocked, id=22052, stack(0x00000011ac400000,0x00000011ac500000)]
  0x00000124249e3c80 JavaThread "Attach Listener" daemon [_thread_blocked, id=17428, stack(0x00000011ac500000,0x00000011ac600000)]
  0x00000124249e4860 JavaThread "Service Thread" daemon [_thread_blocked, id=9988, stack(0x00000011ac600000,0x00000011ac700000)]
  0x0000012424a05340 JavaThread "Monitor Deflation Thread" daemon [_thread_blocked, id=2792, stack(0x00000011ac700000,0x00000011ac800000)]
  0x0000012424a0a650 JavaThread "C2 CompilerThread0" daemon [_thread_blocked, id=10320, stack(0x00000011ac800000,0x00000011ac900000)]
  0x0000012424a13590 JavaThread "C1 CompilerThread0" daemon [_thread_blocked, id=24952, stack(0x00000011ac900000,0x00000011aca00000)]
  0x0000012424a140a0 JavaThread "Sweeper thread" daemon [_thread_blocked, id=16096, stack(0x00000011aca00000,0x00000011acb00000)]
  0x0000012428c99990 JavaThread "C1 CompilerThread1" daemon [_thread_blocked, id=13932, stack(0x00000011acb00000,0x00000011acc00000)]
  0x0000012428d91da0 JavaThread "Notification Thread" daemon [_thread_blocked, id=20936, stack(0x00000011acc00000,0x00000011acd00000)]
  0x0000012428d95480 JavaThread "Common-Cleaner" daemon [_thread_blocked, id=2596, stack(0x00000011ace00000,0x00000011acf00000)]
  0x00000124292e1c90 JavaThread "C1 CompilerThread2" daemon [_thread_blocked, id=9276, stack(0x00000011ad000000,0x00000011ad100000)]
  0x0000012429261700 JavaThread "C1 CompilerThread3" daemon [_thread_blocked, id=16632, stack(0x00000011ad100000,0x00000011ad200000)]
  0x00000124297bea60 JavaThread "C2 CompilerThread1" daemon [_thread_blocked, id=3556, stack(0x00000011acf00000,0x00000011ad000000)]
  0x00000124297e7930 JavaThread "C2 CompilerThread2" daemon [_thread_blocked, id=17800, stack(0x00000011ad200000,0x00000011ad300000)]
  0x00000124297ddf60 JavaThread "C2 CompilerThread3" daemon [_thread_blocked, id=4008, stack(0x00000011ad300000,0x00000011ad400000)]
  0x00000124297f7ef0 JavaThread "C2 CompilerThread4" daemon [_thread_blocked, id=27064, stack(0x00000011ad400000,0x00000011ad500000)]

Other Threads:
  0x00000124249c1900 VMThread "VM Thread" [stack: 0x00000011ac100000,0x00000011ac200000] [id=27888]
  0x0000012428d94a10 WatcherThread "VM Periodic Task Thread" [stack: 0x00000011acd00000,0x00000011ace00000] [id=9208]
  0x0000012401e40c80 WorkerThread "GC Thread#0" [stack: 0x00000011abc00000,0x00000011abd00000] [id=30412]
  0x00000124290d74b0 WorkerThread "GC Thread#1" [stack: 0x00000011ad800000,0x00000011ad900000] [id=13504]
  0x00000124290d7a50 WorkerThread "GC Thread#2" [stack: 0x00000011ad900000,0x00000011ada00000] [id=27524]
  0x00000124290d7d20 WorkerThread "GC Thread#3" [stack: 0x00000011ada00000,0x00000011adb00000] [id=15800]
  0x00000124290d7ff0 WorkerThread "GC Thread#4" [stack: 0x00000011adb00000,0x00000011adc00000] [id=26172]
  0x00000124290d66a0 WorkerThread "GC Thread#5" [stack: 0x00000011adc00000,0x00000011add00000] [id=12652]
  0x00000124290d6970 WorkerThread "GC Thread#6" [stack: 0x00000011add00000,0x00000011ade00000] [id=8520]
  0x00000124290d71e0 WorkerThread "GC Thread#7" [stack: 0x00000011ade00000,0x00000011adf00000] [id=16168]
  0x000001242b044b50 WorkerThread "GC Thread#8" [stack: 0x00000011ad600000,0x00000011ad700000] [id=20308]
  0x000001242b045960 WorkerThread "GC Thread#9" [stack: 0x00000011ad700000,0x00000011ad800000] [id=19876]
  0x000001242b0450f0 WorkerThread "GC Thread#10" [stack: 0x00000011adf00000,0x00000011ae000000] [id=29892]
  0x000001242b0442e0 WorkerThread "GC Thread#11" [stack: 0x00000011ae000000,0x00000011ae100000] [id=28560]
  0x0000012401e4f8c0 ConcurrentGCThread "G1 Main Marker" [stack: 0x00000011abd00000,0x00000011abe00000] [id=20404]
  0x0000012401e50ca0 WorkerThread "G1 Conc#0" [stack: 0x00000011abe00000,0x00000011abf00000] [id=19864]
  0x0000012401e9e5c0 ConcurrentGCThread "G1 Refine#0" [stack: 0x00000011abf00000,0x00000011ac000000] [id=20324]
  0x0000012424879160 ConcurrentGCThread "G1 Service" [stack: 0x00000011ac000000,0x00000011ac100000] [id=22580]

Threads with active compile tasks:

VM state: not at safepoint (normal execution)

VM Mutex/Monitor currently owned by a thread: None

Heap address: 0x0000000722200000, size: 3550 MB, Compressed Oops mode: Zero based, Oop shift amount: 3

CDS archive(s) mapped at: [0x0000000800000000-0x0000000800c40000-0x0000000800c40000), size 12845056, SharedBaseAddress: 0x0000000800000000, ArchiveRelocationMode: 0.
Compressed class space mapped at: 0x0000000801000000-0x0000000841000000, reserved size: 1073741824
Narrow klass base: 0x0000000800000000, Narrow klass shift: 0, Narrow klass range: 0x100000000

GC Precious Log:
 CardTable entry size: 512
 Card Set container configuration: InlinePtr #cards 4 size 8 Array Of Cards #cards 16 size 48 Howl #buckets 8 coarsen threshold 3686 Howl Bitmap #cards 512 size 80 coarsen threshold 460 Card regions per heap region 1 cards per card region 4096
 CPUs: 16 total, 16 available
 Memory: 14197M
 Large Page Support: Disabled
 NUMA Support: Disabled
 Compressed Oops: Enabled (Zero based)
 Heap Region Size: 2M
 Heap Min Capacity: 8M
 Heap Initial Capacity: 222M
 Heap Max Capacity: 3550M
 Pre-touch: Disabled
 Parallel Workers: 13
 Concurrent Workers: 3
 Concurrent Refinement Workers: 13
 Periodic GC: Disabled

Heap:
 garbage-first heap   total 227328K, used 71353K [0x0000000722200000, 0x0000000800000000)
  region size 2048K, 35 young (71680K), 2 survivors (4096K)
 Metaspace       used 13988K, committed 14272K, reserved 1114112K
  class space    used 1506K, committed 1664K, reserved 1048576K

Heap Regions: E=young(eden), S=young(survivor), O=old, HS=humongous(starts), HC=humongous(continues), CS=collection set, F=free, OA=open archive, CA=closed archive, TAMS=top-at-mark-start (previous, next)
|   0|0x0000000722200000, 0x0000000722400000, 0x0000000722400000|100%| O|  |TAMS 0x0000000722200000, 0x0000000722200000| Untracked 
|   1|0x0000000722400000, 0x00000007224e3600, 0x0000000722600000| 44%| O|  |TAMS 0x0000000722400000, 0x0000000722400000| Untracked 
|   2|0x0000000722600000, 0x0000000722600000, 0x0000000722800000|  0%| F|  |TAMS 0x0000000722600000, 0x0000000722600000| Untracked 
|   3|0x0000000722800000, 0x0000000722800000, 0x0000000722a00000|  0%| F|  |TAMS 0x0000000722800000, 0x0000000722800000| Untracked 
|   4|0x0000000722a00000, 0x0000000722a00000, 0x0000000722c00000|  0%| F|  |TAMS 0x0000000722a00000, 0x0000000722a00000| Untracked 
|   5|0x0000000722c00000, 0x0000000722c00000, 0x0000000722e00000|  0%| F|  |TAMS 0x0000000722c00000, 0x0000000722c00000| Untracked 
|   6|0x0000000722e00000, 0x0000000722e00000, 0x0000000723000000|  0%| F|  |TAMS 0x0000000722e00000, 0x0000000722e00000| Untracked 
|   7|0x0000000723000000, 0x0000000723000000, 0x0000000723200000|  0%| F|  |TAMS 0x0000000723000000, 0x0000000723000000| Untracked 
|   8|0x0000000723200000, 0x0000000723200000, 0x0000000723400000|  0%| F|  |TAMS 0x0000000723200000, 0x0000000723200000| Untracked 
|   9|0x0000000723400000, 0x0000000723400000, 0x0000000723600000|  0%| F|  |TAMS 0x0000000723400000, 0x0000000723400000| Untracked 
|  10|0x0000000723600000, 0x0000000723600000, 0x0000000723800000|  0%| F|  |TAMS 0x0000000723600000, 0x0000000723600000| Untracked 
|  11|0x0000000723800000, 0x0000000723800000, 0x0000000723a00000|  0%| F|  |TAMS 0x0000000723800000, 0x0000000723800000| Untracked 
|  12|0x0000000723a00000, 0x0000000723a00000, 0x0000000723c00000|  0%| F|  |TAMS 0x0000000723a00000, 0x0000000723a00000| Untracked 
|  13|0x0000000723c00000, 0x0000000723c00000, 0x0000000723e00000|  0%| F|  |TAMS 0x0000000723c00000, 0x0000000723c00000| Untracked 
|  14|0x0000000723e00000, 0x0000000723e00000, 0x0000000724000000|  0%| F|  |TAMS 0x0000000723e00000, 0x0000000723e00000| Untracked 
|  15|0x0000000724000000, 0x0000000724000000, 0x0000000724200000|  0%| F|  |TAMS 0x0000000724000000, 0x0000000724000000| Untracked 
|  16|0x0000000724200000, 0x0000000724200000, 0x0000000724400000|  0%| F|  |TAMS 0x0000000724200000, 0x0000000724200000| Untracked 
|  17|0x0000000724400000, 0x0000000724400000, 0x0000000724600000|  0%| F|  |TAMS 0x0000000724400000, 0x0000000724400000| Untracked 
|  18|0x0000000724600000, 0x0000000724600000, 0x0000000724800000|  0%| F|  |TAMS 0x0000000724600000, 0x0000000724600000| Untracked 
|  19|0x0000000724800000, 0x0000000724800000, 0x0000000724a00000|  0%| F|  |TAMS 0x0000000724800000, 0x0000000724800000| Untracked 
|  20|0x0000000724a00000, 0x0000000724a00000, 0x0000000724c00000|  0%| F|  |TAMS 0x0000000724a00000, 0x0000000724a00000| Untracked 
|  21|0x0000000724c00000, 0x0000000724c00000, 0x0000000724e00000|  0%| F|  |TAMS 0x0000000724c00000, 0x0000000724c00000| Untracked 
|  22|0x0000000724e00000, 0x0000000724e00000, 0x0000000725000000|  0%| F|  |TAMS 0x0000000724e00000, 0x0000000724e00000| Untracked 
|  23|0x0000000725000000, 0x0000000725000000, 0x0000000725200000|  0%| F|  |TAMS 0x0000000725000000, 0x0000000725000000| Untracked 
|  24|0x0000000725200000, 0x0000000725200000, 0x0000000725400000|  0%| F|  |TAMS 0x0000000725200000, 0x0000000725200000| Untracked 
|  25|0x0000000725400000, 0x0000000725400000, 0x0000000725600000|  0%| F|  |TAMS 0x0000000725400000, 0x0000000725400000| Untracked 
|  26|0x0000000725600000, 0x0000000725600000, 0x0000000725800000|  0%| F|  |TAMS 0x0000000725600000, 0x0000000725600000| Untracked 
|  27|0x0000000725800000, 0x0000000725800000, 0x0000000725a00000|  0%| F|  |TAMS 0x0000000725800000, 0x0000000725800000| Untracked 
|  28|0x0000000725a00000, 0x0000000725a00000, 0x0000000725c00000|  0%| F|  |TAMS 0x0000000725a00000, 0x0000000725a00000| Untracked 
|  29|0x0000000725c00000, 0x0000000725c00000, 0x0000000725e00000|  0%| F|  |TAMS 0x0000000725c00000, 0x0000000725c00000| Untracked 
|  30|0x0000000725e00000, 0x0000000725e00000, 0x0000000726000000|  0%| F|  |TAMS 0x0000000725e00000, 0x0000000725e00000| Untracked 
|  31|0x0000000726000000, 0x0000000726000000, 0x0000000726200000|  0%| F|  |TAMS 0x0000000726000000, 0x0000000726000000| Untracked 
|  32|0x0000000726200000, 0x0000000726200000, 0x0000000726400000|  0%| F|  |TAMS 0x0000000726200000, 0x0000000726200000| Untracked 
|  33|0x0000000726400000, 0x0000000726400000, 0x0000000726600000|  0%| F|  |TAMS 0x0000000726400000, 0x0000000726400000| Untracked 
|  34|0x0000000726600000, 0x0000000726600000, 0x0000000726800000|  0%| F|  |TAMS 0x0000000726600000, 0x0000000726600000| Untracked 
|  35|0x0000000726800000, 0x0000000726800000, 0x0000000726a00000|  0%| F|  |TAMS 0x0000000726800000, 0x0000000726800000| Untracked 
|  36|0x0000000726a00000, 0x0000000726a00000, 0x0000000726c00000|  0%| F|  |TAMS 0x0000000726a00000, 0x0000000726a00000| Untracked 
|  37|0x0000000726c00000, 0x0000000726c00000, 0x0000000726e00000|  0%| F|  |TAMS 0x0000000726c00000, 0x0000000726c00000| Untracked 
|  38|0x0000000726e00000, 0x0000000726e00000, 0x0000000727000000|  0%| F|  |TAMS 0x0000000726e00000, 0x0000000726e00000| Untracked 
|  39|0x0000000727000000, 0x0000000727000000, 0x0000000727200000|  0%| F|  |TAMS 0x0000000727000000, 0x0000000727000000| Untracked 
|  40|0x0000000727200000, 0x0000000727200000, 0x0000000727400000|  0%| F|  |TAMS 0x0000000727200000, 0x0000000727200000| Untracked 
|  41|0x0000000727400000, 0x0000000727400000, 0x0000000727600000|  0%| F|  |TAMS 0x0000000727400000, 0x0000000727400000| Untracked 
|  42|0x0000000727600000, 0x0000000727600000, 0x0000000727800000|  0%| F|  |TAMS 0x0000000727600000, 0x0000000727600000| Untracked 
|  43|0x0000000727800000, 0x0000000727800000, 0x0000000727a00000|  0%| F|  |TAMS 0x0000000727800000, 0x0000000727800000| Untracked 
|  44|0x0000000727a00000, 0x0000000727a00000, 0x0000000727c00000|  0%| F|  |TAMS 0x0000000727a00000, 0x0000000727a00000| Untracked 
|  45|0x0000000727c00000, 0x0000000727c00000, 0x0000000727e00000|  0%| F|  |TAMS 0x0000000727c00000, 0x0000000727c00000| Untracked 
|  46|0x0000000727e00000, 0x0000000727e00000, 0x0000000728000000|  0%| F|  |TAMS 0x0000000727e00000, 0x0000000727e00000| Untracked 
|  47|0x0000000728000000, 0x0000000728000000, 0x0000000728200000|  0%| F|  |TAMS 0x0000000728000000, 0x0000000728000000| Untracked 
|  48|0x0000000728200000, 0x0000000728200000, 0x0000000728400000|  0%| F|  |TAMS 0x0000000728200000, 0x0000000728200000| Untracked 
|  49|0x0000000728400000, 0x0000000728400000, 0x0000000728600000|  0%| F|  |TAMS 0x0000000728400000, 0x0000000728400000| Untracked 
|  50|0x0000000728600000, 0x0000000728600000, 0x0000000728800000|  0%| F|  |TAMS 0x0000000728600000, 0x0000000728600000| Untracked 
|  51|0x0000000728800000, 0x0000000728800000, 0x0000000728a00000|  0%| F|  |TAMS 0x0000000728800000, 0x0000000728800000| Untracked 
|  52|0x0000000728a00000, 0x0000000728a00000, 0x0000000728c00000|  0%| F|  |TAMS 0x0000000728a00000, 0x0000000728a00000| Untracked 
|  53|0x0000000728c00000, 0x0000000728c00000, 0x0000000728e00000|  0%| F|  |TAMS 0x0000000728c00000, 0x0000000728c00000| Untracked 
|  54|0x0000000728e00000, 0x0000000728e00000, 0x0000000729000000|  0%| F|  |TAMS 0x0000000728e00000, 0x0000000728e00000| Untracked 
|  55|0x0000000729000000, 0x0000000729000000, 0x0000000729200000|  0%| F|  |TAMS 0x0000000729000000, 0x0000000729000000| Untracked 
|  56|0x0000000729200000, 0x0000000729200000, 0x0000000729400000|  0%| F|  |TAMS 0x0000000729200000, 0x0000000729200000| Untracked 
|  57|0x0000000729400000, 0x0000000729400000, 0x0000000729600000|  0%| F|  |TAMS 0x0000000729400000, 0x0000000729400000| Untracked 
|  58|0x0000000729600000, 0x0000000729600000, 0x0000000729800000|  0%| F|  |TAMS 0x0000000729600000, 0x0000000729600000| Untracked 
|  59|0x0000000729800000, 0x0000000729800000, 0x0000000729a00000|  0%| F|  |TAMS 0x0000000729800000, 0x0000000729800000| Untracked 
|  60|0x0000000729a00000, 0x0000000729a00000, 0x0000000729c00000|  0%| F|  |TAMS 0x0000000729a00000, 0x0000000729a00000| Untracked 
|  61|0x0000000729c00000, 0x0000000729c00000, 0x0000000729e00000|  0%| F|  |TAMS 0x0000000729c00000, 0x0000000729c00000| Untracked 
|  62|0x0000000729e00000, 0x0000000729e00000, 0x000000072a000000|  0%| F|  |TAMS 0x0000000729e00000, 0x0000000729e00000| Untracked 
|  63|0x000000072a000000, 0x000000072a000000, 0x000000072a200000|  0%| F|  |TAMS 0x000000072a000000, 0x000000072a000000| Untracked 
|  64|0x000000072a200000, 0x000000072a200000, 0x000000072a400000|  0%| F|  |TAMS 0x000000072a200000, 0x000000072a200000| Untracked 
|  65|0x000000072a400000, 0x000000072a400000, 0x000000072a600000|  0%| F|  |TAMS 0x000000072a400000, 0x000000072a400000| Untracked 
|  66|0x000000072a600000, 0x000000072a600000, 0x000000072a800000|  0%| F|  |TAMS 0x000000072a600000, 0x000000072a600000| Untracked 
|  67|0x000000072a800000, 0x000000072a800000, 0x000000072aa00000|  0%| F|  |TAMS 0x000000072a800000, 0x000000072a800000| Untracked 
|  68|0x000000072aa00000, 0x000000072aa00000, 0x000000072ac00000|  0%| F|  |TAMS 0x000000072aa00000, 0x000000072aa00000| Untracked 
|  69|0x000000072ac00000, 0x000000072ac00000, 0x000000072ae00000|  0%| F|  |TAMS 0x000000072ac00000, 0x000000072ac00000| Untracked 
|  70|0x000000072ae00000, 0x000000072ae00000, 0x000000072b000000|  0%| F|  |TAMS 0x000000072ae00000, 0x000000072ae00000| Untracked 
|  71|0x000000072b000000, 0x000000072b000000, 0x000000072b200000|  0%| F|  |TAMS 0x000000072b000000, 0x000000072b000000| Untracked 
|  72|0x000000072b200000, 0x000000072b200000, 0x000000072b400000|  0%| F|  |TAMS 0x000000072b200000, 0x000000072b200000| Untracked 
|  73|0x000000072b400000, 0x000000072b400000, 0x000000072b600000|  0%| F|  |TAMS 0x000000072b400000, 0x000000072b400000| Untracked 
|  74|0x000000072b600000, 0x000000072b600000, 0x000000072b800000|  0%| F|  |TAMS 0x000000072b600000, 0x000000072b600000| Untracked 
|  75|0x000000072b800000, 0x000000072b800000, 0x000000072ba00000|  0%| F|  |TAMS 0x000000072b800000, 0x000000072b800000| Untracked 
|  76|0x000000072ba00000, 0x000000072baa4cf0, 0x000000072bc00000| 32%| E|  |TAMS 0x000000072ba00000, 0x000000072ba00000| Complete 
|  77|0x000000072bc00000, 0x000000072be00000, 0x000000072be00000|100%| E|CS|TAMS 0x000000072bc00000, 0x000000072bc00000| Complete 
|  78|0x000000072be00000, 0x000000072c000000, 0x000000072c000000|100%| E|CS|TAMS 0x000000072be00000, 0x000000072be00000| Complete 
|  79|0x000000072c000000, 0x000000072c200000, 0x000000072c200000|100%| E|CS|TAMS 0x000000072c000000, 0x000000072c000000| Complete 
|  80|0x000000072c200000, 0x000000072c400000, 0x000000072c400000|100%| E|CS|TAMS 0x000000072c200000, 0x000000072c200000| Complete 
|  81|0x000000072c400000, 0x000000072c600000, 0x000000072c600000|100%| E|CS|TAMS 0x000000072c400000, 0x000000072c400000| Complete 
|  82|0x000000072c600000, 0x000000072c800000, 0x000000072c800000|100%| E|CS|TAMS 0x000000072c600000, 0x000000072c600000| Complete 
|  83|0x000000072c800000, 0x000000072ca00000, 0x000000072ca00000|100%| E|CS|TAMS 0x000000072c800000, 0x000000072c800000| Complete 
|  84|0x000000072ca00000, 0x000000072cc00000, 0x000000072cc00000|100%| E|CS|TAMS 0x000000072ca00000, 0x000000072ca00000| Complete 
|  85|0x000000072cc00000, 0x000000072ce00000, 0x000000072ce00000|100%| E|CS|TAMS 0x000000072cc00000, 0x000000072cc00000| Complete 
|  86|0x000000072ce00000, 0x000000072d000000, 0x000000072d000000|100%| E|CS|TAMS 0x000000072ce00000, 0x000000072ce00000| Complete 
|  87|0x000000072d000000, 0x000000072d200000, 0x000000072d200000|100%| E|CS|TAMS 0x000000072d000000, 0x000000072d000000| Complete 
|  88|0x000000072d200000, 0x000000072d400000, 0x000000072d400000|100%| E|CS|TAMS 0x000000072d200000, 0x000000072d200000| Complete 
|  89|0x000000072d400000, 0x000000072d600000, 0x000000072d600000|100%| E|CS|TAMS 0x000000072d400000, 0x000000072d400000| Complete 
|  90|0x000000072d600000, 0x000000072d6cb070, 0x000000072d800000| 39%| S|CS|TAMS 0x000000072d600000, 0x000000072d600000| Complete 
|  91|0x000000072d800000, 0x000000072da00000, 0x000000072da00000|100%| S|CS|TAMS 0x000000072d800000, 0x000000072d800000| Complete 
|  92|0x000000072da00000, 0x000000072dc00000, 0x000000072dc00000|100%| E|CS|TAMS 0x000000072da00000, 0x000000072da00000| Complete 
|  93|0x000000072dc00000, 0x000000072de00000, 0x000000072de00000|100%| E|CS|TAMS 0x000000072dc00000, 0x000000072dc00000| Complete 
|  94|0x000000072de00000, 0x000000072e000000, 0x000000072e000000|100%| E|CS|TAMS 0x000000072de00000, 0x000000072de00000| Complete 
|  95|0x000000072e000000, 0x000000072e200000, 0x000000072e200000|100%| E|CS|TAMS 0x000000072e000000, 0x000000072e000000| Complete 
|  96|0x000000072e200000, 0x000000072e400000, 0x000000072e400000|100%| E|CS|TAMS 0x000000072e200000, 0x000000072e200000| Complete 
|  97|0x000000072e400000, 0x000000072e600000, 0x000000072e600000|100%| E|CS|TAMS 0x000000072e400000, 0x000000072e400000| Complete 
|  98|0x000000072e600000, 0x000000072e800000, 0x000000072e800000|100%| E|CS|TAMS 0x000000072e600000, 0x000000072e600000| Complete 
|  99|0x000000072e800000, 0x000000072ea00000, 0x000000072ea00000|100%| E|CS|TAMS 0x000000072e800000, 0x000000072e800000| Complete 
| 100|0x000000072ea00000, 0x000000072ec00000, 0x000000072ec00000|100%| E|CS|TAMS 0x000000072ea00000, 0x000000072ea00000| Complete 
| 101|0x000000072ec00000, 0x000000072ee00000, 0x000000072ee00000|100%| E|CS|TAMS 0x000000072ec00000, 0x000000072ec00000| Complete 
| 102|0x000000072ee00000, 0x000000072f000000, 0x000000072f000000|100%| E|CS|TAMS 0x000000072ee00000, 0x000000072ee00000| Complete 
| 103|0x000000072f000000, 0x000000072f200000, 0x000000072f200000|100%| E|CS|TAMS 0x000000072f000000, 0x000000072f000000| Complete 
| 104|0x000000072f200000, 0x000000072f400000, 0x000000072f400000|100%| E|CS|TAMS 0x000000072f200000, 0x000000072f200000| Complete 
| 105|0x000000072f400000, 0x000000072f600000, 0x000000072f600000|100%| E|CS|TAMS 0x000000072f400000, 0x000000072f400000| Complete 
| 106|0x000000072f600000, 0x000000072f800000, 0x000000072f800000|100%| E|CS|TAMS 0x000000072f600000, 0x000000072f600000| Complete 
| 107|0x000000072f800000, 0x000000072fa00000, 0x000000072fa00000|100%| E|CS|TAMS 0x000000072f800000, 0x000000072f800000| Complete 
| 108|0x000000072fa00000, 0x000000072fc00000, 0x000000072fc00000|100%| E|CS|TAMS 0x000000072fa00000, 0x000000072fa00000| Complete 
| 109|0x000000072fc00000, 0x000000072fe00000, 0x000000072fe00000|100%| E|CS|TAMS 0x000000072fc00000, 0x000000072fc00000| Complete 
| 110|0x000000072fe00000, 0x0000000730000000, 0x0000000730000000|100%| E|CS|TAMS 0x000000072fe00000, 0x000000072fe00000| Complete 

Card table byte_map: [0x0000012419cc0000,0x000001241a3b0000] _byte_map_base: 0x00000124163af000

Marking Bits (Prev, Next): (CMBitMap*) 0x0000012401e411c0, (CMBitMap*) 0x0000012401e41200
 Prev Bits: [0x000001241aaa0000, 0x000001241e218000)
 Next Bits: [0x000001241e220000, 0x0000012421998000)

Polling page: 0x00000124015a0000

Metaspace:

Usage:
  Non-class:     12.19 MB used.
      Class:      1.47 MB used.
       Both:     13.66 MB used.

Virtual space:
  Non-class space:       64.00 MB reserved,      12.31 MB ( 19%) committed,  1 nodes.
      Class space:        1.00 GB reserved,       1.62 MB ( <1%) committed,  1 nodes.
             Both:        1.06 GB reserved,      13.94 MB (  1%) committed. 

Chunk freelists:
   Non-Class:  2.83 MB
       Class:  2.43 MB
        Both:  5.26 MB

MaxMetaspaceSize: unlimited
CompressedClassSpaceSize: 1.00 GB
Initial GC threshold: 21.00 MB
Current GC threshold: 21.00 MB
CDS: on
MetaspaceReclaimPolicy: balanced
 - commit_granule_bytes: 65536.
 - commit_granule_words: 8192.
 - virtual_space_node_default_size: 8388608.
 - enlarge_chunks_in_place: 1.
 - new_chunks_are_fully_committed: 0.
 - uncommit_free_chunks: 1.
 - use_allocation_guard: 0.


Internal statistics:

num_allocs_failed_limit: 0.
num_arena_births: 258.
num_arena_deaths: 0.
num_vsnodes_births: 2.
num_vsnodes_deaths: 0.
num_space_committed: 223.
num_space_uncommitted: 0.
num_chunks_returned_to_freelist: 0.
num_chunks_taken_from_freelist: 723.
num_chunk_merges: 0.
num_chunk_splits: 518.
num_chunks_enlarged: 387.
num_inconsistent_stats: 0.

CodeHeap 'non-profiled nmethods': size=119168Kb used=1966Kb max_used=1966Kb free=117201Kb
 bounds [0x00000124118e0000, 0x0000012411b50000, 0x0000012418d40000]
CodeHeap 'profiled nmethods': size=119104Kb used=7760Kb max_used=7760Kb free=111343Kb
 bounds [0x0000012409d40000, 0x000001240a4e0000, 0x0000012411190000]
CodeHeap 'non-nmethods': size=7488Kb used=2959Kb max_used=3019Kb free=4528Kb
 bounds [0x0000012411190000, 0x0000012411490000, 0x00000124118e0000]
 total_blobs=4321 nmethods=3839 adapters=389
 compilation: enabled
              stopped_count=0, restarted_count=0
 full_count=0

Compilation events (20 events):
Event: 2.503 Thread 0x0000012429261700 3839       3       sun.nio.fs.WindowsPathParser::parse (384 bytes)
Event: 2.503 Thread 0x0000012424a13590 3841       3       java.lang.reflect.Method::isCallerSensitive (27 bytes)
Event: 2.503 Thread 0x00000124292e1c90 3840       3       sun.nio.fs.WindowsPathParser$Result::<init> (20 bytes)
Event: 2.504 Thread 0x0000012428c99990 nmethod 3838 0x000001240a4bcd90 code [0x000001240a4bcf40, 0x000001240a4bd068]
Event: 2.504 Thread 0x00000124292e1c90 nmethod 3840 0x000001240a4bd110 code [0x000001240a4bd2c0, 0x000001240a4bd558]
Event: 2.504 Thread 0x0000012424a13590 nmethod 3841 0x000001240a4bd610 code [0x000001240a4bd860, 0x000001240a4be2a8]
Event: 2.504 Thread 0x0000012428c99990 3842       3       sun.nio.fs.WindowsFileSystem::getPath (106 bytes)
Event: 2.504 Thread 0x0000012424a13590 3843       3       sun.nio.fs.WindowsPath::parse (26 bytes)
Event: 2.505 Thread 0x0000012424a13590 nmethod 3843 0x000001240a4be610 code [0x000001240a4be7e0, 0x000001240a4beca8]
Event: 2.505 Thread 0x0000012428c99990 nmethod 3842 0x000001240a4bee10 code [0x000001240a4bf080, 0x000001240a4bfa88]
Event: 2.506 Thread 0x0000012429261700 nmethod 3839 0x000001240a4bff10 code [0x000001240a4c0600, 0x000001240a4c4688]
Event: 2.513 Thread 0x0000012424a0a650 nmethod 3630 0x0000012411abcc10 code [0x0000012411abd220, 0x0000012411ac5ef0]
Event: 2.516 Thread 0x0000012428c99990 3844       3       java.lang.reflect.Method::invoke (108 bytes)
Event: 2.516 Thread 0x0000012424a13590 3845   !   3       jdk.internal.reflect.DirectMethodHandleAccessor::invoke (92 bytes)
Event: 2.516 Thread 0x00000124292e1c90 3846       3       jdk.internal.reflect.DirectMethodHandleAccessor::isStatic (20 bytes)
Event: 2.516 Thread 0x0000012429261700 3847       3       jdk.internal.reflect.DirectMethodHandleAccessor::invokeImpl (108 bytes)
Event: 2.516 Thread 0x00000124292e1c90 nmethod 3846 0x000001240a4c5d10 code [0x000001240a4c5ea0, 0x000001240a4c6018]
Event: 2.517 Thread 0x0000012429261700 nmethod 3847 0x000001240a4c6090 code [0x000001240a4c63e0, 0x000001240a4c7c38]
Event: 2.518 Thread 0x0000012424a13590 nmethod 3845 0x000001240a4c8310 code [0x000001240a4c8780, 0x000001240a4caa18]
Event: 2.519 Thread 0x0000012428c99990 nmethod 3844 0x000001240a4cbc90 code [0x000001240a4cc460, 0x000001240a4d18c8]

GC Heap History (4 events):
Event: 0.758 GC heap before
{Heap before GC invocations=0 (full 0):
 garbage-first heap   total 227328K, used 22528K [0x0000000722200000, 0x0000000800000000)
  region size 2048K, 11 young (22528K), 0 survivors (0K)
 Metaspace       used 5059K, committed 5248K, reserved 1114112K
  class space    used 551K, committed 640K, reserved 1048576K
}
Event: 0.763 GC heap after
{Heap after GC invocations=1 (full 0):
 garbage-first heap   total 227328K, used 3379K [0x0000000722200000, 0x0000000800000000)
  region size 2048K, 2 young (4096K), 2 survivors (4096K)
 Metaspace       used 5059K, committed 5248K, reserved 1114112K
  class space    used 551K, committed 640K, reserved 1048576K
}
Event: 1.523 GC heap before
{Heap before GC invocations=1 (full 0):
 garbage-first heap   total 227328K, used 38195K [0x0000000722200000, 0x0000000800000000)
  region size 2048K, 19 young (38912K), 2 survivors (4096K)
 Metaspace       used 11393K, committed 11584K, reserved 1114112K
  class space    used 1298K, committed 1408K, reserved 1048576K
}
Event: 1.529 GC heap after
{Heap after GC invocations=2 (full 0):
 garbage-first heap   total 227328K, used 5817K [0x0000000722200000, 0x0000000800000000)
  region size 2048K, 2 young (4096K), 2 survivors (4096K)
 Metaspace       used 11393K, committed 11584K, reserved 1114112K
  class space    used 1298K, committed 1408K, reserved 1048576K
}

Dll operation events (8 events):
Event: 0.008 Loaded shared library C:\Program Files\Java\jdk-19\bin\java.dll
Event: 0.017 Loaded shared library C:\Program Files\Java\jdk-19\bin\jsvml.dll
Event: 0.045 Loaded shared library C:\Program Files\Java\jdk-19\bin\net.dll
Event: 0.047 Loaded shared library C:\Program Files\Java\jdk-19\bin\nio.dll
Event: 0.051 Loaded shared library C:\Program Files\Java\jdk-19\bin\zip.dll
Event: 0.160 Loaded shared library C:\Program Files\Java\jdk-19\bin\jimage.dll
Event: 0.180 Loaded shared library C:\Users\Utilizador\AppData\Local\Temp\jansi-2.4.0-ee99d312d5f4882-jansi.dll
Event: 0.189 Loaded shared library C:\Program Files\Java\jdk-19\bin\verify.dll

Deoptimization events (20 events):
Event: 2.416 Thread 0x0000012401dd8e70 DEOPT PACKING pc=0x0000012411a6653c sp=0x00000011abbfe2e0
Event: 2.416 Thread 0x0000012401dd8e70 DEOPT UNPACKING pc=0x00000124111f6da3 sp=0x00000011abbfe248 mode 2
Event: 2.428 Thread 0x0000012401dd8e70 DEOPT PACKING pc=0x0000012409e2fd34 sp=0x00000011abbf8d80
Event: 2.428 Thread 0x0000012401dd8e70 DEOPT UNPACKING pc=0x00000124111f7543 sp=0x00000011abbf81b8 mode 0
Event: 2.428 Thread 0x0000012401dd8e70 DEOPT PACKING pc=0x0000012409e2f3cc sp=0x00000011abbf8df0
Event: 2.428 Thread 0x0000012401dd8e70 DEOPT UNPACKING pc=0x00000124111f7543 sp=0x00000011abbf8288 mode 0
Event: 2.434 Thread 0x0000012401dd8e70 DEOPT PACKING pc=0x000001240a23aca4 sp=0x00000011abbfe1c0
Event: 2.434 Thread 0x0000012401dd8e70 DEOPT UNPACKING pc=0x00000124111f7543 sp=0x00000011abbfd618 mode 0
Event: 2.436 Thread 0x0000012401dd8e70 Uncommon trap: trap_request=0xffffffde fr.pc=0x0000012411967dcc relative=0x00000000000039cc
Event: 2.436 Thread 0x0000012401dd8e70 Uncommon trap: reason=class_check action=maybe_recompile pc=0x0000012411967dcc method=jdk.internal.loader.URLClassPath.getLoader(I)Ljdk/internal/loader/URLClassPath$Loader; @ 88 c2
Event: 2.436 Thread 0x0000012401dd8e70 DEOPT PACKING pc=0x0000012411967dcc sp=0x00000011abbfccf0
Event: 2.436 Thread 0x0000012401dd8e70 DEOPT UNPACKING pc=0x00000124111f6da3 sp=0x00000011abbfcc88 mode 2
Event: 2.437 Thread 0x0000012401dd8e70 Uncommon trap: trap_request=0xffffffde fr.pc=0x0000012411912c24 relative=0x0000000000000684
Event: 2.437 Thread 0x0000012401dd8e70 Uncommon trap: reason=class_check action=maybe_recompile pc=0x0000012411912c24 method=jdk.internal.loader.URLClassPath.getLoader(I)Ljdk/internal/loader/URLClassPath$Loader; @ 88 c2
Event: 2.437 Thread 0x0000012401dd8e70 DEOPT PACKING pc=0x0000012411912c24 sp=0x00000011abbfccc0
Event: 2.437 Thread 0x0000012401dd8e70 DEOPT UNPACKING pc=0x00000124111f6da3 sp=0x00000011abbfcc80 mode 2
Event: 2.437 Thread 0x0000012401dd8e70 Uncommon trap: trap_request=0xffffffde fr.pc=0x0000012411912c24 relative=0x0000000000000684
Event: 2.437 Thread 0x0000012401dd8e70 Uncommon trap: reason=class_check action=maybe_recompile pc=0x0000012411912c24 method=jdk.internal.loader.URLClassPath.getLoader(I)Ljdk/internal/loader/URLClassPath$Loader; @ 88 c2
Event: 2.438 Thread 0x0000012401dd8e70 DEOPT PACKING pc=0x0000012411912c24 sp=0x00000011abbfccc0
Event: 2.438 Thread 0x0000012401dd8e70 DEOPT UNPACKING pc=0x00000124111f6da3 sp=0x00000011abbfcc80 mode 2

Classes loaded (20 events):
Event: 2.444 Loading class java/nio/channels/ByteChannel done
Event: 2.444 Loading class java/nio/channels/SeekableByteChannel done
Event: 2.444 Loading class java/nio/file/DirectoryStream
Event: 2.444 Loading class java/nio/file/DirectoryStream done
Event: 2.444 Loading class java/nio/file/DirectoryStream$Filter
Event: 2.444 Loading class java/nio/file/DirectoryStream$Filter done
Event: 2.444 Loading class java/nio/file/FileStore
Event: 2.444 Loading class java/nio/file/FileStore done
Event: 2.444 Loading class java/nio/file/FileVisitor
Event: 2.444 Loading class java/nio/file/FileVisitor done
Event: 2.444 Loading class java/io/FileFilter
Event: 2.444 Loading class java/io/FileFilter done
Event: 2.444 Loading class java/nio/file/WatchService
Event: 2.444 Loading class java/nio/file/WatchService done
Event: 2.444 Loading class java/nio/file/WatchEvent$Kind
Event: 2.444 Loading class java/nio/file/WatchEvent$Kind done
Event: 2.444 Loading class java/nio/file/WatchKey
Event: 2.444 Loading class java/nio/file/WatchKey done
Event: 2.444 Loading class java/nio/file/WatchEvent$Modifier
Event: 2.445 Loading class java/nio/file/WatchEvent$Modifier done

Classes unloaded (0 events):
No events

Classes redefined (0 events):
No events

Internal exceptions (20 events):
Event: 1.418 Thread 0x0000012401dd8e70 Exception <a 'java/lang/NoSuchMethodError'{0x000000072df6f6c8}: 'java.lang.Object java.lang.invoke.DirectMethodHandle$Holder.newInvokeSpecial(java.lang.Object, java.lang.Object, java.lang.Object, java.lang.Object, java.lang.Object, java.lang.Object, java.lang.Object)'> (0x000000072df6f6c8) 
thrown [s\open\src\hotspot\share\interpreter\linkResolver.cpp, line 774]
Event: 1.425 Thread 0x0000012401dd8e70 Exception <a 'java/lang/NoSuchMethodError'{0x000000072dfacb98}: 'java.lang.Object java.lang.invoke.DirectMethodHandle$Holder.newInvokeSpecial(java.lang.Object, java.lang.Object, java.lang.Object, java.lang.Object, java.lang.Object, java.lang.Object, java.lang.Object, java.lang.Object, java.lang.Object)'> (0x000000072dfacb98) 
thrown [s\open\src\hotspot\share\interpreter\linkResolver.cpp, line 774]
Event: 1.443 Thread 0x0000012401dd8e70 Exception <a 'java/lang/NoSuchMethodError'{0x000000072dc622a8}: 'java.lang.Object java.lang.invoke.DirectMethodHandle$Holder.newInvokeSpecial(java.lang.Object, java.lang.Object, java.lang.Object, java.lang.Object, java.lang.Object, java.lang.Object, java.lang.Object, java.lang.Object, java.lang.Object, java.lang.Object, java.lang.Object, java.lang.Object)'> (0x000000072dc622a8) 
thrown [s\open\src\hotspot\share\interpreter\linkResolver.cpp, line 774]
Event: 1.448 Thread 0x0000012401dd8e70 Exception <a 'java/lang/NoSuchMethodError'{0x000000072dca9f60}: 'java.lang.Object java.lang.invoke.DirectMethodHandle$Holder.invokeStatic(java.lang.Object, java.lang.Object, java.lang.Object, java.lang.Object, java.lang.Object, java.lang.Object, java.lang.Object, java.lang.Object, java.lang.Object, java.lang.Object, java.lang.Object, java.lang.Object, java.lang.Object)'> (0x000000072dca9f60) 
thrown [s\open\src\hotspot\share\interpreter\linkResolver.cpp, line 774]
Event: 1.450 Thread 0x0000012401dd8e70 Exception <a 'java/lang/NoSuchMethodError'{0x000000072dcc9c40}: 'java.lang.Object java.lang.invoke.DirectMethodHandle$Holder.invokeStatic(java.lang.Object, java.lang.Object, java.lang.Object, java.lang.Object, java.lang.Object, java.lang.Object, java.lang.Object, java.lang.Object, java.lang.Object, java.lang.Object, java.lang.Object, java.lang.Object, java.lang.Object, java.lang.Object)'> (0x000000072dcc9c40) 
thrown [s\open\src\hotspot\share\interpreter\linkResolver.cpp, line 774]
Event: 1.452 Thread 0x0000012401dd8e70 Exception <a 'java/lang/NoSuchMethodError'{0x000000072dceb0c8}: 'java.lang.Object java.lang.invoke.DirectMethodHandle$Holder.invokeStatic(java.lang.Object, java.lang.Object, java.lang.Object, java.lang.Object, java.lang.Object, java.lang.Object, java.lang.Object, java.lang.Object, java.lang.Object, java.lang.Object, java.lang.Object, java.lang.Object, java.lang.Object, java.lang.Object, java.lang.Object)'> (0x000000072dceb0c8) 
thrown [s\open\src\hotspot\share\interpreter\linkResolver.cpp, line 774]
Event: 1.466 Thread 0x0000012401dd8e70 Exception <a 'java/lang/NoSuchMethodError'{0x000000072dd538f8}: 'java.lang.Object java.lang.invoke.DirectMethodHandle$Holder.invokeStaticInit(java.lang.Object, int, int, int, int)'> (0x000000072dd538f8) 
thrown [s\open\src\hotspot\share\interpreter\linkResolver.cpp, line 774]
Event: 1.593 Thread 0x0000012401dd8e70 Exception <a 'java/lang/NoSuchMethodError'{0x000000072fd59b08}: 'void java.lang.invoke.DirectMethodHandle$Holder.invokeVirtual(java.lang.Object, java.lang.Object, int)'> (0x000000072fd59b08) 
thrown [s\open\src\hotspot\share\interpreter\linkResolver.cpp, line 774]
Event: 1.593 Thread 0x0000012401dd8e70 Exception <a 'java/lang/NoSuchMethodError'{0x000000072fd5df20}: 'int java.lang.invoke.DirectMethodHandle$Holder.invokeSpecial(java.lang.Object, java.lang.Object, java.lang.Object, int)'> (0x000000072fd5df20) 
thrown [s\open\src\hotspot\share\interpreter\linkResolver.cpp, line 774]
Event: 1.594 Thread 0x0000012401dd8e70 Exception <a 'java/lang/NoSuchMethodError'{0x000000072fd6e748}: 'java.lang.Object java.lang.invoke.DirectMethodHandle$Holder.invokeStatic(java.lang.Object, java.lang.Object, java.lang.Object, java.lang.Object, int)'> (0x000000072fd6e748) 
thrown [s\open\src\hotspot\share\interpreter\linkResolver.cpp, line 774]
Event: 1.595 Thread 0x0000012401dd8e70 Exception <a 'java/lang/NoSuchMethodError'{0x000000072fd7a008}: 'void java.lang.invoke.DelegatingMethodHandle$Holder.reinvoke_L(java.lang.Object, java.lang.Object, int)'> (0x000000072fd7a008) 
thrown [s\open\src\hotspot\share\interpreter\linkResolver.cpp, line 774]
Event: 1.660 Thread 0x0000012401dd8e70 Implicit null exception at 0x0000012411970f20 to 0x00000124119710d8
Event: 1.941 Thread 0x0000012401dd8e70 Implicit null exception at 0x000001241193dfed to 0x000001241193e1c8
Event: 1.941 Thread 0x0000012401dd8e70 Implicit null exception at 0x00000124119dd49d to 0x00000124119de624
Event: 1.941 Thread 0x0000012401dd8e70 Implicit null exception at 0x0000012411972baf to 0x0000012411972c29
Event: 1.942 Thread 0x0000012401dd8e70 Implicit null exception at 0x00000124119795ed to 0x00000124119797b8
Event: 1.942 Thread 0x0000012401dd8e70 Implicit null exception at 0x00000124119b99bb to 0x00000124119ba1a0
Event: 2.251 Thread 0x0000012401dd8e70 Implicit null exception at 0x0000012411a7d931 to 0x0000012411a7dafc
Event: 2.415 Thread 0x0000012401dd8e70 Implicit null exception at 0x0000012411aaa3b9 to 0x0000012411aaae60
Event: 2.434 Thread 0x0000012401dd8e70 Exception <a 'java/lang/NoSuchMethodError'{0x000000072ba093e8}: 'void java.lang.invoke.Invokers$Holder.invokeExact_MT(java.lang.Object, java.lang.Object, int, java.lang.Object)'> (0x000000072ba093e8) 
thrown [s\open\src\hotspot\share\interpreter\linkResolver.cpp, line 774]

VM Operations (20 events):
Event: 1.498 Executing VM operation: HandshakeAllThreads
Event: 1.498 Executing VM operation: HandshakeAllThreads done
Event: 1.523 Executing VM operation: G1CollectForAllocation
Event: 1.529 Executing VM operation: G1CollectForAllocation done
Event: 1.544 Executing VM operation: HandshakeAllThreads
Event: 1.544 Executing VM operation: HandshakeAllThreads done
Event: 1.859 Executing VM operation: ICBufferFull
Event: 1.859 Executing VM operation: ICBufferFull done
Event: 2.123 Executing VM operation: HandshakeAllThreads
Event: 2.123 Executing VM operation: HandshakeAllThreads done
Event: 2.182 Executing VM operation: HandshakeAllThreads
Event: 2.182 Executing VM operation: HandshakeAllThreads done
Event: 2.183 Executing VM operation: ICBufferFull
Event: 2.183 Executing VM operation: ICBufferFull done
Event: 2.377 Executing VM operation: ICBufferFull
Event: 2.377 Executing VM operation: ICBufferFull done
Event: 2.428 Executing VM operation: HandshakeAllThreads
Event: 2.428 Executing VM operation: HandshakeAllThreads done
Event: 2.434 Executing VM operation: HandshakeAllThreads
Event: 2.434 Executing VM operation: HandshakeAllThreads done

Events (20 events):
Event: 0.028 Thread 0x0000012424a0a650 Thread added: 0x0000012424a0a650
Event: 0.028 Thread 0x0000012424a13590 Thread added: 0x0000012424a13590
Event: 0.028 Thread 0x0000012424a140a0 Thread added: 0x0000012424a140a0
Event: 0.030 Thread 0x0000012428c99990 Thread added: 0x0000012428c99990
Event: 0.040 Thread 0x0000012428d91da0 Thread added: 0x0000012428d91da0
Event: 0.042 Thread 0x0000012428d95480 Thread added: 0x0000012428d95480
Event: 0.280 Thread 0x000001242950b6e0 Thread added: 0x000001242950b6e0
Event: 0.293 Thread 0x00000124292e1c90 Thread added: 0x00000124292e1c90
Event: 0.295 Thread 0x0000012429261700 Thread added: 0x0000012429261700
Event: 0.565 Thread 0x000001242950b6e0 Thread exited: 0x000001242950b6e0
Event: 0.662 Thread 0x00000124297bea60 Thread added: 0x00000124297bea60
Event: 0.669 Thread 0x00000124297e7930 Thread added: 0x00000124297e7930
Event: 0.680 Thread 0x00000124297ddf60 Thread added: 0x00000124297ddf60
Event: 0.680 Thread 0x00000124297f7ef0 Thread added: 0x00000124297f7ef0
Event: 0.690 Thread 0x0000012429d70680 Thread added: 0x0000012429d70680
Event: 0.690 Thread 0x0000012429d70c00 Thread added: 0x0000012429d70c00
Event: 0.690 Thread 0x0000012429db1520 Thread added: 0x0000012429db1520
Event: 0.952 Thread 0x0000012429db1520 Thread exited: 0x0000012429db1520
Event: 1.270 Thread 0x0000012429d70c00 Thread exited: 0x0000012429d70c00
Event: 2.503 Thread 0x0000012429d70680 Thread exited: 0x0000012429d70680


Dynamic libraries:
0x00007ff7da2a0000 - 0x00007ff7da2b0000 	C:\Program Files\Java\jdk-19\bin\javaw.exe
0x00007ffd3e570000 - 0x00007ffd3e784000 	C:\WINDOWS\SYSTEM32\ntdll.dll
0x00007ffd3cdf0000 - 0x00007ffd3ceb3000 	C:\WINDOWS\System32\KERNEL32.DLL
0x00007ffd3bd40000 - 0x00007ffd3c0dc000 	C:\WINDOWS\System32\KERNELBASE.dll
0x00007ffd3bb00000 - 0x00007ffd3bc11000 	C:\WINDOWS\System32\ucrtbase.dll
0x00007ffd284f0000 - 0x00007ffd28508000 	C:\Program Files\Java\jdk-19\bin\jli.dll
0x00007ffd3d1f0000 - 0x00007ffd3d29e000 	C:\WINDOWS\System32\ADVAPI32.dll
0x00007ffd3c840000 - 0x00007ffd3c8e7000 	C:\WINDOWS\System32\msvcrt.dll
0x00007ffd1fa50000 - 0x00007ffd1fa6b000 	C:\Program Files\Java\jdk-19\bin\VCRUNTIME140.dll
0x00007ffd3c790000 - 0x00007ffd3c834000 	C:\WINDOWS\System32\sechost.dll
0x00007ffd3c8f0000 - 0x00007ffd3ca05000 	C:\WINDOWS\System32\RPCRT4.dll
0x00007ffd3cec0000 - 0x00007ffd3d06d000 	C:\WINDOWS\System32\USER32.dll
0x00007ffd3ba30000 - 0x00007ffd3ba56000 	C:\WINDOWS\System32\win32u.dll
0x00007ffd3e480000 - 0x00007ffd3e4a9000 	C:\WINDOWS\System32\GDI32.dll
0x00007ffd1f160000 - 0x00007ffd1f3ee000 	C:\WINDOWS\WinSxS\amd64_microsoft.windows.common-controls_6595b64144ccf1df_6.0.22621.608_none_a9444ca7c10bb01d\COMCTL32.dll
0x00007ffd3bc20000 - 0x00007ffd3bd32000 	C:\WINDOWS\System32\gdi32full.dll
0x00007ffd3ba60000 - 0x00007ffd3bafa000 	C:\WINDOWS\System32\msvcp_win.dll
0x00007ffd31950000 - 0x00007ffd3195a000 	C:\WINDOWS\SYSTEM32\VERSION.dll
0x00007ffd3e440000 - 0x00007ffd3e472000 	C:\WINDOWS\System32\IMM32.DLL
0x00007ffd36630000 - 0x00007ffd3663c000 	C:\Program Files\Java\jdk-19\bin\vcruntime140_1.dll
0x00007ffd176e0000 - 0x00007ffd1776e000 	C:\Program Files\Java\jdk-19\bin\msvcp140.dll
0x00007ffcc72b0000 - 0x00007ffcc7f70000 	C:\Program Files\Java\jdk-19\bin\server\jvm.dll
0x00007ffd23560000 - 0x00007ffd23569000 	C:\WINDOWS\SYSTEM32\WSOCK32.dll
0x00007ffd34080000 - 0x00007ffd340b4000 	C:\WINDOWS\SYSTEM32\WINMM.dll
0x00007ffd3cd70000 - 0x00007ffd3cde1000 	C:\WINDOWS\System32\WS2_32.dll
0x00007ffd3aa00000 - 0x00007ffd3aa18000 	C:\WINDOWS\SYSTEM32\kernel.appcore.dll
0x00007ffd35b70000 - 0x00007ffd35b7a000 	C:\Program Files\Java\jdk-19\bin\jimage.dll
0x00007ffd394d0000 - 0x00007ffd396fe000 	C:\WINDOWS\SYSTEM32\DBGHELP.DLL
0x00007ffd3dc30000 - 0x00007ffd3dfba000 	C:\WINDOWS\System32\combase.dll
0x00007ffd3c380000 - 0x00007ffd3c457000 	C:\WINDOWS\System32\OLEAUT32.dll
0x00007ffd31590000 - 0x00007ffd315c2000 	C:\WINDOWS\SYSTEM32\dbgcore.DLL
0x00007ffd3b9b0000 - 0x00007ffd3ba2b000 	C:\WINDOWS\System32\bcryptPrimitives.dll
0x00007ffd1fa10000 - 0x00007ffd1fa36000 	C:\Program Files\Java\jdk-19\bin\java.dll
0x00007ffd12fe0000 - 0x00007ffd130b7000 	C:\Program Files\Java\jdk-19\bin\jsvml.dll
0x00007ffd3d440000 - 0x00007ffd3dc2f000 	C:\WINDOWS\System32\SHELL32.dll
0x00007ffd399d0000 - 0x00007ffd3a298000 	C:\WINDOWS\SYSTEM32\windows.storage.dll
0x00007ffd39890000 - 0x00007ffd399ce000 	C:\WINDOWS\SYSTEM32\wintypes.dll
0x00007ffd3c4e0000 - 0x00007ffd3c5d1000 	C:\WINDOWS\System32\SHCORE.dll
0x00007ffd3d2c0000 - 0x00007ffd3d31e000 	C:\WINDOWS\System32\shlwapi.dll
0x00007ffd3b8e0000 - 0x00007ffd3b901000 	C:\WINDOWS\SYSTEM32\profapi.dll
0x00007ffd1f960000 - 0x00007ffd1f973000 	C:\Program Files\Java\jdk-19\bin\net.dll
0x00007ffd34b80000 - 0x00007ffd34caf000 	C:\WINDOWS\SYSTEM32\WINHTTP.dll
0x00007ffd3ae70000 - 0x00007ffd3aed9000 	C:\WINDOWS\system32\mswsock.dll
0x00007ffd1f8d0000 - 0x00007ffd1f8e6000 	C:\Program Files\Java\jdk-19\bin\nio.dll
0x00007ffd1f8b0000 - 0x00007ffd1f8c8000 	C:\Program Files\Java\jdk-19\bin\zip.dll
0x0000000069ac0000 - 0x0000000069ae4000 	C:\Users\Utilizador\AppData\Local\Temp\jansi-2.4.0-ee99d312d5f4882-jansi.dll
0x00007ffd30430000 - 0x00007ffd30440000 	C:\Program Files\Java\jdk-19\bin\verify.dll

dbghelp: loaded successfully - version: 4.0.5 - missing functions: none
symbol engine: initialized successfully - sym options: 0x614 - pdb path: .;C:\Program Files\Java\jdk-19\bin;C:\WINDOWS\SYSTEM32;C:\WINDOWS\WinSxS\amd64_microsoft.windows.common-controls_6595b64144ccf1df_6.0.22621.608_none_a9444ca7c10bb01d;C:\Program Files\Java\jdk-19\bin\server;C:\Users\Utilizador\AppData\Local\Temp

VM Arguments:
jvm_args: -Dmaven.home=EMBEDDED -Dclassworlds.conf=C:\Users\Utilizador\eclipse2\myProject\.metadata\.plugins\org.eclipse.m2e.launching\launches\m2conf3034275562705274449.tmp -Dmaven.multiModuleProjectDirectory=C:\Users\Utilizador\Documents\AoR 22_23\Programação Avançada em Java\Repositório Projetos\Projeto III - Helder e Rui\Backend\Projeto III - Helder e Rui -Dfile.encoding=UTF-8 -XX:+ShowCodeDetailsInExceptionMessages 
java_command: org.codehaus.plexus.classworlds.launcher.Launcher -B clean wildfly:undeploy install wildfly:deploy
java_class_path (initial): C:\Users\Utilizador\.p2\pool\plugins\org.eclipse.m2e.maven.runtime_1.18.3.20220227-1319\jars\plexus-classworlds-2.6.0.jar
Launcher Type: SUN_STANDARD

[Global flags]
     intx CICompilerCount                          = 12                                        {product} {ergonomic}
     uint ConcGCThreads                            = 3                                         {product} {ergonomic}
     uint G1ConcRefinementThreads                  = 13                                        {product} {ergonomic}
   size_t G1HeapRegionSize                         = 2097152                                   {product} {ergonomic}
    uintx GCDrainStackTargetSize                   = 64                                        {product} {ergonomic}
   size_t InitialHeapSize                          = 232783872                                 {product} {ergonomic}
   size_t MarkStackSize                            = 4194304                                   {product} {ergonomic}
   size_t MaxHeapSize                              = 3722444800                                {product} {ergonomic}
   size_t MaxNewSize                               = 2233466880                                {product} {ergonomic}
   size_t MinHeapDeltaBytes                        = 2097152                                   {product} {ergonomic}
   size_t MinHeapSize                              = 8388608                                   {product} {ergonomic}
    uintx NonNMethodCodeHeapSize                   = 7602480                                {pd product} {ergonomic}
    uintx NonProfiledCodeHeapSize                  = 122027880                              {pd product} {ergonomic}
    uintx ProfiledCodeHeapSize                     = 122027880                              {pd product} {ergonomic}
    uintx ReservedCodeCacheSize                    = 251658240                              {pd product} {ergonomic}
     bool SegmentedCodeCache                       = true                                      {product} {ergonomic}
     bool ShowCodeDetailsInExceptionMessages       = true                                   {manageable} {command line}
   size_t SoftMaxHeapSize                          = 3722444800                             {manageable} {ergonomic}
     bool UseCompressedClassPointers               = true                           {product lp64_product} {ergonomic}
     bool UseCompressedOops                        = true                           {product lp64_product} {ergonomic}
     bool UseG1GC                                  = true                                      {product} {ergonomic}
     bool UseLargePagesIndividualAllocation        = false                                  {pd product} {ergonomic}

Logging:
Log output configuration:
 #0: stdout all=warning uptime,level,tags foldmultilines=false
 #1: stderr all=off uptime,level,tags foldmultilines=false

Environment Variables:
PATH=C:\Program Files\Common Files\Oracle\Java\javapath;C:\WINDOWS\system32;C:\WINDOWS;C:\WINDOWS\System32\Wbem;C:\WINDOWS\System32\WindowsPowerShell\v1.0\;C:\WINDOWS\System32\OpenSSH\;C:\Program Files\TortoiseSVN\bin;C:\Program Files\TortoiseGit\bin;C:\Program Files\Git\cmd;C:\Program Files\Portugal Identity Card\;C:\Program Files\MySQL\MySQL Shell 8.0\bin\;C:\Users\Utilizador\AppData\Local\Microsoft\WindowsApps;C:\Program Files\JetBrains\IntelliJ IDEA Community Edition 2022.2.2\bin;;C:\Users\Utilizador\AppData\Local\GitHubDesktop\bin;C:\Users\Utilizador\AppData\Local\Programs\Microsoft VS Code\bin;C:\Users\Utilizador\apache-maven-3.8.7\bin;
USERNAME=Utilizador
OS=Windows_NT
PROCESSOR_IDENTIFIER=AMD64 Family 23 Model 104 Stepping 1, AuthenticAMD
TMP=C:\Users\UTILIZ~1\AppData\Local\Temp
TEMP=C:\Users\UTILIZ~1\AppData\Local\Temp



---------------  S Y S T E M  ---------------

OS:
 Windows 11 , 64 bit Build 22621 (10.0.22621.1194)
OS uptime: 2 days 18:01 hours

CPU: total 16 (initial active 16) (16 cores per cpu, 2 threads per core) family 23 model 104 stepping 1 microcode 0x0, cx8, cmov, fxsr, ht, mmx, 3dnowpref, sse, sse2, sse3, ssse3, sse4a, sse4.1, sse4.2, popcnt, lzcnt, tsc, tscinvbit, avx, avx2, aes, clmul, bmi1, bmi2, adx, sha, fma, vzeroupper, clflush, clflushopt, rdtscp, rdpid

Memory: 4k page, system-wide physical 14197M (3453M free)
TotalPageFile size 24437M (AvailPageFile size 8162M)
current process WorkingSet (physical memory assigned to process): 169M, peak: 179M
current process commit charge ("private bytes"): 379M, peak: 395M

vm_info: Java HotSpot(TM) 64-Bit Server VM (19.0.1+10-21) for windows-amd64 JRE (19.0.1+10-21), built on 2022-09-14T12:45:06Z by "mach5one" with MS VC++ 17.1 (VS2022)

END.
